<?xml version="1.0" encoding="UTF-8"?>
<!-- Generated by org.testng.reporters.JUnitReportReporter -->
<testsuite hostname="LAPTOP-RGJG1HVV" failures="0" tests="1" name="testpackage.ProductTest" time="14.578" errors="0" timestamp="2024-11-18T11:58:27 IST" skipped="0">
  <testcase classname="testpackage.ProductTest" name="product" time="14.578"/>
</testsuite> <!-- testpackage.ProductTest -->
