<?xml version="1.0" encoding="UTF-8"?>
<!-- Generated by org.testng.reporters.JUnitReportReporter -->
<testsuite hostname="LAPTOP-RGJG1HVV" failures="0" tests="1" name="testpackage.CheckoutTest" time="110.659" errors="0" timestamp="2024-11-18T12:09:51 IST" skipped="0">
  <testcase classname="testpackage.CheckoutTest" name="checkout" time="110.659"/>
</testsuite> <!-- testpackage.CheckoutTest -->
