<?xml version="1.0" encoding="UTF-8"?>
<!-- Generated by org.testng.reporters.JUnitReportReporter -->
<testsuite hostname="LAPTOP-RGJG1HVV" failures="0" tests="1" name="testpackage.Brokenlink" time="1.353" errors="0" timestamp="2024-11-20T12:42:38 IST" skipped="0">
  <testcase classname="testpackage.Brokenlink" name="links" time="1.353"/>
</testsuite> <!-- testpackage.Brokenlink -->
