<?xml version="1.0" encoding="UTF-8"?>
<!-- Generated by org.testng.reporters.JUnitReportReporter -->
<testsuite hostname="LAPTOP-RGJG1HVV" failures="0" tests="1" name="testpackage.PaymentTest" time="59.591" errors="0" timestamp="2024-11-20T18:39:41 IST" skipped="0">
  <testcase classname="testpackage.PaymentTest" name="product" time="59.591"/>
</testsuite> <!-- testpackage.PaymentTest -->
